<?xml version="1.0" encoding="utf-8"?><testsuites name="pytest tests"><testsuite name="pytest" errors="0" failures="0" skipped="0" tests="8" time="1.421" timestamp="2026-05-29T00:24:36.903101+00:00" hostname="agent-env-5d6f8ebd-169a-4542-a334-0c033ae65fbd"><testcase classname="backend.tests.test_qdropaq_api.TestRoot" name="test_root_status_string" time="0.164" /><testcase classname="backend.tests.test_qdropaq_api.TestIntake" name="test_intake_valid_full_payload_persists" time="0.176" /><testcase classname="backend.tests.test_qdropaq_api.TestIntake" name="test_intake_minimal_payload" time="0.096" /><testcase classname="backend.tests.test_qdropaq_api.TestIntake" name="test_intake_invalid_email_returns_422" time="0.128" /><testcase classname="backend.tests.test_qdropaq_api.TestIntake" name="test_intake_missing_name_returns_422" time="0.141" /><testcase classname="backend.tests.test_qdropaq_api.TestPrimerLeads" name="test_primer_valid_returns_201" time="0.124" /><testcase classname="backend.tests.test_qdropaq_api.TestPrimerLeads" name="test_primer_idempotent_returns_same_id" time="0.199" /><testcase classname="backend.tests.test_qdropaq_api.TestPrimerLeads" name="test_primer_invalid_email_returns_422" time="0.106" /></testsuite></testsuites>